[09-Oct-2016 01:52:56 UTC] PHP Warning:  include_once(db.php): failed to open stream: No such file or directory in /home/ubuntu/workspace/scripts/db/db_add_user.php on line 1
[09-Oct-2016 01:52:56 UTC] PHP Stack trace:
[09-Oct-2016 01:52:56 UTC] PHP   1. {main}() /home/ubuntu/workspace/scripts/db/db_add_user.php:0
[09-Oct-2016 01:52:56 UTC] PHP Warning:  include_once(): Failed opening 'db.php' for inclusion (include_path='.:/usr/share/php:/usr/share/pear') in /home/ubuntu/workspace/scripts/db/db_add_user.php on line 1
[09-Oct-2016 01:52:56 UTC] PHP Stack trace:
[09-Oct-2016 01:52:56 UTC] PHP   1. {main}() /home/ubuntu/workspace/scripts/db/db_add_user.php:0
[09-Oct-2016 01:52:56 UTC] PHP Fatal error:  Call to a member function setAttribute() on a non-object in /home/ubuntu/workspace/scripts/db/db_add_user.php on line 25
[09-Oct-2016 01:52:56 UTC] PHP Stack trace:
[09-Oct-2016 01:52:56 UTC] PHP   1. {main}() /home/ubuntu/workspace/scripts/db/db_add_user.php:0
[12-Oct-2016 01:14:51 UTC] PHP Parse error:  syntax error, unexpected '=>' (T_DOUBLE_ARROW) in /home/ubuntu/workspace/scripts/frontend/autocomplete.php on line 27
[12-Oct-2016 01:14:52 UTC] PHP Parse error:  syntax error, unexpected '=>' (T_DOUBLE_ARROW) in /home/ubuntu/workspace/scripts/frontend/autocomplete.php on line 27
[12-Oct-2016 01:14:53 UTC] PHP Parse error:  syntax error, unexpected '=>' (T_DOUBLE_ARROW) in /home/ubuntu/workspace/scripts/frontend/autocomplete.php on line 27
[12-Oct-2016 01:56:39 UTC] PHP Parse error:  syntax error, unexpected '=>' (T_DOUBLE_ARROW) in /home/ubuntu/workspace/scripts/frontend/autocomplete.php on line 27
[12-Oct-2016 01:56:41 UTC] PHP Parse error:  syntax error, unexpected '=>' (T_DOUBLE_ARROW) in /home/ubuntu/workspace/scripts/frontend/autocomplete.php on line 27
[12-Oct-2016 01:56:42 UTC] PHP Parse error:  syntax error, unexpected '=>' (T_DOUBLE_ARROW) in /home/ubuntu/workspace/scripts/frontend/autocomplete.php on line 27
[12-Oct-2016 02:03:10 UTC] PHP Parse error:  syntax error, unexpected '=>' (T_DOUBLE_ARROW) in /home/ubuntu/workspace/scripts/frontend/autocomplete.php on line 27
[12-Oct-2016 02:03:15 UTC] PHP Parse error:  syntax error, unexpected '=>' (T_DOUBLE_ARROW) in /home/ubuntu/workspace/scripts/frontend/autocomplete.php on line 27
[12-Oct-2016 02:16:27 UTC] PHP Parse error:  syntax error, unexpected '{' in /home/ubuntu/workspace/scripts/frontend/autocomplete.php on line 27
[12-Oct-2016 02:16:28 UTC] PHP Parse error:  syntax error, unexpected '{' in /home/ubuntu/workspace/scripts/frontend/autocomplete.php on line 27
[12-Oct-2016 02:16:29 UTC] PHP Parse error:  syntax error, unexpected '{' in /home/ubuntu/workspace/scripts/frontend/autocomplete.php on line 27
[12-Oct-2016 02:16:31 UTC] PHP Parse error:  syntax error, unexpected '{' in /home/ubuntu/workspace/scripts/frontend/autocomplete.php on line 27
[12-Oct-2016 02:17:15 UTC] PHP Parse error:  syntax error, unexpected ',' in /home/ubuntu/workspace/scripts/frontend/autocomplete.php on line 27
[12-Oct-2016 02:17:16 UTC] PHP Parse error:  syntax error, unexpected ',' in /home/ubuntu/workspace/scripts/frontend/autocomplete.php on line 27
[12-Oct-2016 02:17:19 UTC] PHP Parse error:  syntax error, unexpected ',' in /home/ubuntu/workspace/scripts/frontend/autocomplete.php on line 27
[12-Oct-2016 19:45:46 UTC] PHP Parse error:  syntax error, unexpected '$date' (T_VARIABLE) in /home/ubuntu/workspace/scripts/db/db_payment.php on line 40
